<?xml version="1.0" encoding="UTF-8"?>
<testng-results skipped="0" failed="0" ignored="0" total="1" passed="1">
  <reporter-output>
  </reporter-output>
  <suite name="Default suite" duration-ms="62" started-at="2018-12-10T09:44:58Z" finished-at="2018-12-10T09:44:58Z">
    <groups>
    </groups>
    <test name="Default test" duration-ms="62" started-at="2018-12-10T09:44:58Z" finished-at="2018-12-10T09:44:58Z">
      <class name="hari.Start">
        <test-method status="PASS" signature="start()[pri:0, instance:hari.Start@4d95d2a2]" name="start" duration-ms="16" started-at="2018-12-10T09:44:58Z" finished-at="2018-12-10T09:44:58Z">
          <reporter-output>
          </reporter-output>
        </test-method> <!-- start -->
      </class> <!-- hari.Start -->
    </test> <!-- Default test -->
  </suite> <!-- Default suite -->
</testng-results>
